0 verbose cli [
0 verbose cli   'C:\\Program Files\\nodejs\\node.exe',
0 verbose cli   'C:\\Program Files\\nodejs\\node_modules\\npm\\bin\\npm-cli.js',
0 verbose cli   'run',
0 verbose cli   'eslint',
0 verbose cli   '--cache',
0 verbose cli   '.',
0 verbose cli   '--ext',
0 verbose cli   'ts,tsx'
0 verbose cli ]
1 info using npm@8.5.0
2 info using node@v16.14.1
3 timing npm:load:whichnode Completed in 1ms
4 timing config:load:defaults Completed in 2ms
5 timing config:load:file:C:\Program Files\nodejs\node_modules\npm\npmrc Completed in 7ms
6 timing config:load:builtin Completed in 8ms
7 timing config:load:cli Completed in 2ms
8 timing config:load:env Completed in 1ms
9 timing config:load:file:C:\Users\Fernando\Documents\Hexaware\CICLcourse\CD\fernando-deployment\.npmrc Completed in 0ms
10 timing config:load:project Completed in 3ms
11 timing config:load:file:C:\Users\Fernando\.npmrc Completed in 0ms
12 timing config:load:user Completed in 0ms
13 timing config:load:file:C:\Users\Fernando\AppData\Roaming\npm\etc\npmrc Completed in 0ms
14 timing config:load:global Completed in 0ms
15 timing config:load:validate Completed in 0ms
16 timing config:load:credentials Completed in 1ms
17 timing config:load:setEnvs Completed in 1ms
18 timing config:load Completed in 19ms
19 timing npm:load:configload Completed in 19ms
20 timing npm:load:setTitle Completed in 1ms
21 timing config:load:flatten Completed in 5ms
22 timing npm:load:display Completed in 7ms
23 verbose logfile C:\Users\Fernando\Documents\Hexaware\CICLcourse\CD\fernando-deployment\_logs\2022-11-07T18_27_17_638Z-debug-0.log
24 timing npm:load:logFile Completed in 11ms
25 timing npm:load:timers Completed in 1ms
26 timing npm:load:configScope Completed in 0ms
27 timing npm:load Completed in 40ms
28 timing command:run Completed in 37ms
29 verbose stack Error: Missing script: "eslint"
29 verbose stack
29 verbose stack Did you mean this?
29 verbose stack     npm run lint # run the "lint" package script
29 verbose stack
29 verbose stack To see a list of scripts, run:
29 verbose stack   npm run
29 verbose stack     at RunScript.run (C:\Program Files\nodejs\node_modules\npm\lib\commands\run-script.js:95:13)
29 verbose stack     at async module.exports (C:\Program Files\nodejs\node_modules\npm\lib\cli.js:66:5)
30 verbose cwd C:\Users\Fernando\Documents\Hexaware\CICLcourse\CD\fernando-deployment
31 verbose Windows_NT 10.0.19044
32 verbose argv "C:\\Program Files\\nodejs\\node.exe" "C:\\Program Files\\nodejs\\node_modules\\npm\\bin\\npm-cli.js" "run" "eslint" "--cache" "." "--ext" "ts,tsx"
33 verbose node v16.14.1
34 verbose npm  v8.5.0
35 error Missing script: "eslint"
35 error
35 error Did you mean this?
35 error     npm run lint # run the "lint" package script
35 error
35 error To see a list of scripts, run:
35 error   npm run
36 verbose exit 1
37 timing npm Completed in 396ms
38 verbose code 1
39 error A complete log of this run can be found in:
39 error     C:\Users\Fernando\Documents\Hexaware\CICLcourse\CD\fernando-deployment\_logs\2022-11-07T18_27_17_638Z-debug-0.log
